<?xml version="1.0" encoding="UTF-8" ?>
<testsuite tests="1" failures="1" name="com.egor.zhukovsky.phoneshop.model.search.SearchFilterTest" time="1.425" errors="0" skipped="0">
  <properties>
    <property name="java.runtime.name" value="Java(TM) SE Runtime Environment"/>
    <property name="java.vm.version" value="13+33"/>
    <property name="sun.boot.library.path" value="C:\Program Files\Java\jdk-13\bin"/>
    <property name="maven.multiModuleProjectDirectory" value="D:/courseWork3_2/phoneshop-servlet-api"/>
    <property name="java.vm.vendor" value="Oracle Corporation"/>
    <property name="java.vendor.url" value="https://java.oracle.com/"/>
    <property name="guice.disable.misplaced.annotation.check" value="true"/>
    <property name="path.separator" value=";"/>
    <property name="java.vm.name" value="Java HotSpot(TM) 64-Bit Server VM"/>
    <property name="sun.os.patch.level" value=""/>
    <property name="user.script" value=""/>
    <property name="user.country" value="RU"/>
    <property name="sun.java.launcher" value="SUN_STANDARD"/>
    <property name="java.vm.specification.name" value="Java Virtual Machine Specification"/>
    <property name="user.dir" value="D:\courseWork3_2\phoneshop-servlet-api"/>
    <property name="java.vm.compressedOopsMode" value="32-bit"/>
    <property name="java.runtime.version" value="13+33"/>
    <property name="os.arch" value="amd64"/>
    <property name="java.io.tmpdir" value="C:\Users\Win\AppData\Local\Temp\"/>
    <property name="line.separator" value="
"/>
    <property name="java.vm.specification.vendor" value="Oracle Corporation"/>
    <property name="user.variant" value=""/>
    <property name="os.name" value="Windows 10"/>
    <property name="classworlds.conf" value="D:/java lessons/apache-maven-3.6.3/bin/m2.conf"/>
    <property name="excludeScope" value="test"/>
    <property name="sun.jnu.encoding" value="Cp1251"/>
    <property name="java.library.path" value="C:\Program Files\Java\jdk-13\bin;C:\WINDOWS\Sun\Java\bin;C:\WINDOWS\system32;C:\WINDOWS;C:\Users\Win\bin;D:\Git\mingw64\bin;D:\Git\usr\local\bin;D:\Git\usr\bin;D:\Git\usr\bin;D:\Git\mingw64\bin;D:\Git\usr\bin;C:\Users\Win\bin;C:\Program Files\Common Files\Oracle\Java\javapath;D:\VMware\VMware Workstation\bin;C:\Program Files (x86)\Common Files\Oracle\Java\javapath;C:\ProgramData\Oracle\Java\javapath;C:\Windows\system32;C:\Windows;C:\Windows\System32\Wbem;C:\Windows\System32\WindowsPowerShell\v1.0;C:\Program Files (x86)\NVIDIA Corporation\PhysX\Common;C:\WINDOWS\system32;C:\WINDOWS;C:\WINDOWS\System32\Wbem;C:\WINDOWS\System32\WindowsPowerShell\v1.0;C:\WINDOWS\System32\OpenSSH;C:\Program Files\NVIDIA Corporation\NVIDIA NvDLISR;C:\Program Files\dotnet;C:\Program Files\Microsoft SQL Server\130\Tools\Binn;C:\Program Files\Microsoft SQL Server\Client SDK\ODBC\170\Tools\Binn;C:\WINDOWS\system32;C:\WINDOWS;C:\WINDOWS\System32\Wbem;C:\WINDOWS\System32\WindowsPowerShell\v1.0;C:\WINDOWS\System32\OpenSSH;C:\Program Files\Java\jdk-13\bin;C:\cygwin64\bin;C:\Program Files\Java\jdk-13\bin;D:\java lessons\apache-maven-3.6.3\bin;C:\Program Files (x86)\Microsoft SQL Server\Client SDK\ODBC\110\Tools\Binn;C:\Program Files (x86)\Microsoft SQL Server\120\Tools\Binn;C:\Program Files (x86)\Microsoft SQL Server\120\DTS\Binn;C:\Program Files (x86)\Microsoft SQL Server\150\DTS\Binn;C:\Program Files\Azure Data Studio\bin;C:\ProgramData\chocolatey\bin;D:\Git\cmd;D:\Git\mingw64\bin;D:\Git\usr\bin;C:\Users\Win\AppData\Local\Programs\Python\Python310\Scripts;C:\Users\Win\AppData\Local\Programs\Python\Python310;C:\Program Files\MySQL\MySQL Shell 8.0\bin;C:\Program Files\Java\jdk-13\bin;C:\Users\Win\AppData\Local\Microsoft\WindowsApps;C:\Users\Win\.dotnet\tools;C:\Users\Win\AppData\Local\atom\bin;C:\Users\Win\AppData\Local\GitHubDesktop\bin;C:\Program Files\Azure Data Studio\bin;C:\Program Files\heroku\bin;D:\Git\usr\bin\vendor_perl;D:\Git\usr\bin\core_perl;."/>
    <property name="maven.conf" value="D:/java lessons/apache-maven-3.6.3/conf"/>
    <property name="jdk.debug" value="release"/>
    <property name="java.class.version" value="57.0"/>
    <property name="java.specification.name" value="Java Platform API Specification"/>
    <property name="sun.management.compiler" value="HotSpot 64-Bit Tiered Compilers"/>
    <property name="os.version" value="10.0"/>
    <property name="library.jansi.path" value="D:/java lessons/apache-maven-3.6.3/lib/jansi-native"/>
    <property name="user.home" value="C:\Users\Win"/>
    <property name="user.timezone" value="Europe/Moscow"/>
    <property name="file.encoding" value="Cp1251"/>
    <property name="java.specification.version" value="13"/>
    <property name="user.name" value="Win"/>
    <property name="java.class.path" value="D:/java lessons/apache-maven-3.6.3/boot/plexus-classworlds-2.6.0.jar"/>
    <property name="java.vm.specification.version" value="13"/>
    <property name="sun.arch.data.model" value="64"/>
    <property name="sun.java.command" value="org.codehaus.plexus.classworlds.launcher.Launcher install dependency:copy-dependencies -DexcludeScope=test"/>
    <property name="java.home" value="C:\Program Files\Java\jdk-13"/>
    <property name="user.language" value="ru"/>
    <property name="java.specification.vendor" value="Oracle Corporation"/>
    <property name="java.vm.info" value="mixed mode, sharing"/>
    <property name="java.version" value="13"/>
    <property name="java.vendor" value="Oracle Corporation"/>
    <property name="sun.stderr.encoding" value="cp866"/>
    <property name="maven.home" value="D:\java lessons\apache-maven-3.6.3"/>
    <property name="file.separator" value="\"/>
    <property name="java.version.date" value="2019-09-17"/>
    <property name="java.vendor.url.bug" value="https://bugreport.java.com/bugreport/"/>
    <property name="sun.io.unicode.encoding" value="UnicodeLittle"/>
    <property name="sun.cpu.endian" value="little"/>
    <property name="sun.stdout.encoding" value="cp866"/>
    <property name="sun.cpu.isalist" value="amd64"/>
  </properties>
  <testcase classname="com.egor.zhukovsky.phoneshop.model.search.SearchFilterTest" name="testFilteredListByQuery" time="1.425">
    <failure message="expected:&lt;Product{id=8, code=&apos;iphone13pro&apos;, description=&apos;Apple iPhone 13 Pro&apos;, price=1502.00, currency=USD, stock=100, imageUrl=&apos;https://mobistore.by/files/products/1/apple-iphone-13-pro-128gb-pr23378_9.800x600w.jpg&apos;, mainСharacteristics=MainСharacteristics{id=8, releaseYear=2021, os=&apos;AppleiOS&apos;, osVersion=&apos;AppleiOS 15&apos;, screenSize=&apos;6.1&quot;&apos;} , cameraСharacteristics=CameraСharacteristics{id=8, builtCamera=&apos;✓ 12 Мп + 12 Мп + 12 Мп&apos;, video=&apos;3840x2160 (4K UHD)  (60 кадров/с)&apos;, frontalCamera=&apos;12 Мп&apos;, diaphragm=&apos;f/2.2&apos;} , otherСharacteristics=OtherСharacteristics{id=8, audioType=&apos;lightning&apos;, battery=3125, material=&apos;металл  (нержавеющая сталь)&apos;, graphics=&apos;нет информации&apos;, core=6, cpu=&apos;Apple A15 Bionic&apos;, sim=&apos;nano-SIM, eSIM&apos;, ram=6, builtMemory=512} }&gt; but was:&lt;null&gt;" type="java.lang.AssertionError">java.lang.AssertionError: expected:&lt;Product{id=8, code=&apos;iphone13pro&apos;, description=&apos;Apple iPhone 13 Pro&apos;, price=1502.00, currency=USD, stock=100, imageUrl=&apos;https://mobistore.by/files/products/1/apple-iphone-13-pro-128gb-pr23378_9.800x600w.jpg&apos;, mainСharacteristics=MainСharacteristics{id=8, releaseYear=2021, os=&apos;AppleiOS&apos;, osVersion=&apos;AppleiOS 15&apos;, screenSize=&apos;6.1&quot;&apos;} , cameraСharacteristics=CameraСharacteristics{id=8, builtCamera=&apos;✓ 12 Мп + 12 Мп + 12 Мп&apos;, video=&apos;3840x2160 (4K UHD)  (60 кадров/с)&apos;, frontalCamera=&apos;12 Мп&apos;, diaphragm=&apos;f/2.2&apos;} , otherСharacteristics=OtherСharacteristics{id=8, audioType=&apos;lightning&apos;, battery=3125, material=&apos;металл  (нержавеющая сталь)&apos;, graphics=&apos;нет информации&apos;, core=6, cpu=&apos;Apple A15 Bionic&apos;, sim=&apos;nano-SIM, eSIM&apos;, ram=6, builtMemory=512} }&gt; but was:&lt;null&gt;
	at org.junit.Assert.fail(Assert.java:88)
	at org.junit.Assert.failNotEquals(Assert.java:834)
	at org.junit.Assert.assertEquals(Assert.java:118)
	at org.junit.Assert.assertEquals(Assert.java:144)
	at com.egor.zhukovsky.phoneshop.model.search.SearchFilterTest.testFilteredListByQuery(SearchFilterTest.java:35)
	at java.base/jdk.internal.reflect.NativeMethodAccessorImpl.invoke0(Native Method)
	at java.base/jdk.internal.reflect.NativeMethodAccessorImpl.invoke(NativeMethodAccessorImpl.java:62)
	at java.base/jdk.internal.reflect.DelegatingMethodAccessorImpl.invoke(DelegatingMethodAccessorImpl.java:43)
	at java.base/java.lang.reflect.Method.invoke(Method.java:567)
	at org.junit.runners.model.FrameworkMethod$1.runReflectiveCall(FrameworkMethod.java:50)
	at org.junit.internal.runners.model.ReflectiveCallable.run(ReflectiveCallable.java:12)
	at org.junit.runners.model.FrameworkMethod.invokeExplosively(FrameworkMethod.java:47)
	at org.junit.internal.runners.statements.InvokeMethod.evaluate(InvokeMethod.java:17)
	at org.junit.internal.runners.statements.RunBefores.evaluate(RunBefores.java:26)
	at org.junit.runners.ParentRunner.runLeaf(ParentRunner.java:325)
	at org.junit.runners.BlockJUnit4ClassRunner.runChild(BlockJUnit4ClassRunner.java:78)
	at org.junit.runners.BlockJUnit4ClassRunner.runChild(BlockJUnit4ClassRunner.java:57)
	at org.junit.runners.ParentRunner$3.run(ParentRunner.java:290)
	at org.junit.runners.ParentRunner$1.schedule(ParentRunner.java:71)
	at org.junit.runners.ParentRunner.runChildren(ParentRunner.java:288)
	at org.junit.runners.ParentRunner.access$000(ParentRunner.java:58)
	at org.junit.runners.ParentRunner$2.evaluate(ParentRunner.java:268)
	at org.junit.runners.ParentRunner.run(ParentRunner.java:363)
	at org.apache.maven.surefire.junit4.JUnit4Provider.execute(JUnit4Provider.java:252)
	at org.apache.maven.surefire.junit4.JUnit4Provider.executeTestSet(JUnit4Provider.java:141)
	at org.apache.maven.surefire.junit4.JUnit4Provider.invoke(JUnit4Provider.java:112)
	at java.base/jdk.internal.reflect.NativeMethodAccessorImpl.invoke0(Native Method)
	at java.base/jdk.internal.reflect.NativeMethodAccessorImpl.invoke(NativeMethodAccessorImpl.java:62)
	at java.base/jdk.internal.reflect.DelegatingMethodAccessorImpl.invoke(DelegatingMethodAccessorImpl.java:43)
	at java.base/java.lang.reflect.Method.invoke(Method.java:567)
	at org.apache.maven.surefire.util.ReflectionUtils.invokeMethodWithArray(ReflectionUtils.java:189)
	at org.apache.maven.surefire.booter.ProviderFactory$ProviderProxy.invoke(ProviderFactory.java:165)
	at org.apache.maven.surefire.booter.ProviderFactory.invokeProvider(ProviderFactory.java:85)
	at org.apache.maven.surefire.booter.ForkedBooter.runSuitesInProcess(ForkedBooter.java:115)
	at org.apache.maven.surefire.booter.ForkedBooter.main(ForkedBooter.java:75)
</failure>
    <system-out>Hibernate: select product0_.id as id1_4_, product0_.cameraСharacteristics_id as cameraсh8_4_, product0_.code as code2_4_, product0_.currency as currency3_4_, product0_.description as descript4_4_, product0_.imageUrl as imageurl5_4_, product0_.mainСharacteristics_id as mainсhar9_4_, product0_.otherСharacteristics_id as otherсh10_4_, product0_.price as price6_4_, product0_.stock as stock7_4_ from phone product0_
Hibernate: select cameraсhar0_.id as id1_0_0_, cameraсhar0_.builtCamera as builtcam2_0_0_, cameraсhar0_.diaphragm as diaphrag3_0_0_, cameraсhar0_.frontalCamera as frontalc4_0_0_, cameraсhar0_.video as video5_0_0_ from CameraСharacteristics cameraсhar0_ where cameraсhar0_.id=?
Hibernate: select mainсharac0_.id as id1_1_0_, mainсharac0_.os as os2_1_0_, mainсharac0_.osVersion as osversio3_1_0_, mainсharac0_.releaseYear as releasey4_1_0_, mainсharac0_.screenSize as screensi5_1_0_ from MainСharacteristics mainсharac0_ where mainсharac0_.id=?
Hibernate: select otherсhara0_.id as id1_3_0_, otherсhara0_.audioType as audiotyp2_3_0_, otherсhara0_.battery as battery3_3_0_, otherсhara0_.builtMemory as builtmem4_3_0_, otherсhara0_.core as core5_3_0_, otherсhara0_.cpu as cpu6_3_0_, otherсhara0_.graphics as graphics7_3_0_, otherсhara0_.material as material8_3_0_, otherсhara0_.ram as ram9_3_0_, otherсhara0_.sim as sim10_3_0_ from OtherСharacteristics otherсhara0_ where otherсhara0_.id=?
Hibernate: select cameraсhar0_.id as id1_0_0_, cameraсhar0_.builtCamera as builtcam2_0_0_, cameraсhar0_.diaphragm as diaphrag3_0_0_, cameraсhar0_.frontalCamera as frontalc4_0_0_, cameraсhar0_.video as video5_0_0_ from CameraСharacteristics cameraсhar0_ where cameraсhar0_.id=?
Hibernate: select mainсharac0_.id as id1_1_0_, mainсharac0_.os as os2_1_0_, mainсharac0_.osVersion as osversio3_1_0_, mainсharac0_.releaseYear as releasey4_1_0_, mainсharac0_.screenSize as screensi5_1_0_ from MainСharacteristics mainсharac0_ where mainсharac0_.id=?
Hibernate: select otherсhara0_.id as id1_3_0_, otherсhara0_.audioType as audiotyp2_3_0_, otherсhara0_.battery as battery3_3_0_, otherсhara0_.builtMemory as builtmem4_3_0_, otherсhara0_.core as core5_3_0_, otherсhara0_.cpu as cpu6_3_0_, otherсhara0_.graphics as graphics7_3_0_, otherсhara0_.material as material8_3_0_, otherсhara0_.ram as ram9_3_0_, otherсhara0_.sim as sim10_3_0_ from OtherСharacteristics otherсhara0_ where otherсhara0_.id=?
Hibernate: select cameraсhar0_.id as id1_0_0_, cameraсhar0_.builtCamera as builtcam2_0_0_, cameraсhar0_.diaphragm as diaphrag3_0_0_, cameraсhar0_.frontalCamera as frontalc4_0_0_, cameraсhar0_.video as video5_0_0_ from CameraСharacteristics cameraсhar0_ where cameraсhar0_.id=?
Hibernate: select mainсharac0_.id as id1_1_0_, mainсharac0_.os as os2_1_0_, mainсharac0_.osVersion as osversio3_1_0_, mainсharac0_.releaseYear as releasey4_1_0_, mainсharac0_.screenSize as screensi5_1_0_ from MainСharacteristics mainсharac0_ where mainсharac0_.id=?
Hibernate: select otherсhara0_.id as id1_3_0_, otherсhara0_.audioType as audiotyp2_3_0_, otherсhara0_.battery as battery3_3_0_, otherсhara0_.builtMemory as builtmem4_3_0_, otherсhara0_.core as core5_3_0_, otherсhara0_.cpu as cpu6_3_0_, otherсhara0_.graphics as graphics7_3_0_, otherсhara0_.material as material8_3_0_, otherсhara0_.ram as ram9_3_0_, otherсhara0_.sim as sim10_3_0_ from OtherСharacteristics otherсhara0_ where otherсhara0_.id=?
Hibernate: select cameraсhar0_.id as id1_0_0_, cameraсhar0_.builtCamera as builtcam2_0_0_, cameraсhar0_.diaphragm as diaphrag3_0_0_, cameraсhar0_.frontalCamera as frontalc4_0_0_, cameraсhar0_.video as video5_0_0_ from CameraСharacteristics cameraсhar0_ where cameraсhar0_.id=?
Hibernate: select mainсharac0_.id as id1_1_0_, mainсharac0_.os as os2_1_0_, mainсharac0_.osVersion as osversio3_1_0_, mainсharac0_.releaseYear as releasey4_1_0_, mainсharac0_.screenSize as screensi5_1_0_ from MainСharacteristics mainсharac0_ where mainсharac0_.id=?
Hibernate: select otherсhara0_.id as id1_3_0_, otherсhara0_.audioType as audiotyp2_3_0_, otherсhara0_.battery as battery3_3_0_, otherсhara0_.builtMemory as builtmem4_3_0_, otherсhara0_.core as core5_3_0_, otherсhara0_.cpu as cpu6_3_0_, otherсhara0_.graphics as graphics7_3_0_, otherсhara0_.material as material8_3_0_, otherсhara0_.ram as ram9_3_0_, otherсhara0_.sim as sim10_3_0_ from OtherСharacteristics otherсhara0_ where otherсhara0_.id=?
Hibernate: select cameraсhar0_.id as id1_0_0_, cameraсhar0_.builtCamera as builtcam2_0_0_, cameraсhar0_.diaphragm as diaphrag3_0_0_, cameraсhar0_.frontalCamera as frontalc4_0_0_, cameraсhar0_.video as video5_0_0_ from CameraСharacteristics cameraсhar0_ where cameraсhar0_.id=?
Hibernate: select mainсharac0_.id as id1_1_0_, mainсharac0_.os as os2_1_0_, mainсharac0_.osVersion as osversio3_1_0_, mainсharac0_.releaseYear as releasey4_1_0_, mainсharac0_.screenSize as screensi5_1_0_ from MainСharacteristics mainсharac0_ where mainсharac0_.id=?
Hibernate: select otherсhara0_.id as id1_3_0_, otherсhara0_.audioType as audiotyp2_3_0_, otherсhara0_.battery as battery3_3_0_, otherсhara0_.builtMemory as builtmem4_3_0_, otherсhara0_.core as core5_3_0_, otherсhara0_.cpu as cpu6_3_0_, otherсhara0_.graphics as graphics7_3_0_, otherсhara0_.material as material8_3_0_, otherсhara0_.ram as ram9_3_0_, otherсhara0_.sim as sim10_3_0_ from OtherСharacteristics otherсhara0_ where otherсhara0_.id=?
Hibernate: select cameraсhar0_.id as id1_0_0_, cameraсhar0_.builtCamera as builtcam2_0_0_, cameraсhar0_.diaphragm as diaphrag3_0_0_, cameraсhar0_.frontalCamera as frontalc4_0_0_, cameraсhar0_.video as video5_0_0_ from CameraСharacteristics cameraсhar0_ where cameraсhar0_.id=?
Hibernate: select mainсharac0_.id as id1_1_0_, mainсharac0_.os as os2_1_0_, mainсharac0_.osVersion as osversio3_1_0_, mainсharac0_.releaseYear as releasey4_1_0_, mainсharac0_.screenSize as screensi5_1_0_ from MainСharacteristics mainсharac0_ where mainсharac0_.id=?
Hibernate: select otherсhara0_.id as id1_3_0_, otherсhara0_.audioType as audiotyp2_3_0_, otherсhara0_.battery as battery3_3_0_, otherсhara0_.builtMemory as builtmem4_3_0_, otherсhara0_.core as core5_3_0_, otherсhara0_.cpu as cpu6_3_0_, otherсhara0_.graphics as graphics7_3_0_, otherсhara0_.material as material8_3_0_, otherсhara0_.ram as ram9_3_0_, otherсhara0_.sim as sim10_3_0_ from OtherСharacteristics otherсhara0_ where otherсhara0_.id=?
Hibernate: select cameraсhar0_.id as id1_0_0_, cameraсhar0_.builtCamera as builtcam2_0_0_, cameraсhar0_.diaphragm as diaphrag3_0_0_, cameraсhar0_.frontalCamera as frontalc4_0_0_, cameraсhar0_.video as video5_0_0_ from CameraСharacteristics cameraсhar0_ where cameraсhar0_.id=?
Hibernate: select mainсharac0_.id as id1_1_0_, mainсharac0_.os as os2_1_0_, mainсharac0_.osVersion as osversio3_1_0_, mainсharac0_.releaseYear as releasey4_1_0_, mainсharac0_.screenSize as screensi5_1_0_ from MainСharacteristics mainсharac0_ where mainсharac0_.id=?
Hibernate: select otherсhara0_.id as id1_3_0_, otherсhara0_.audioType as audiotyp2_3_0_, otherсhara0_.battery as battery3_3_0_, otherсhara0_.builtMemory as builtmem4_3_0_, otherсhara0_.core as core5_3_0_, otherсhara0_.cpu as cpu6_3_0_, otherсhara0_.graphics as graphics7_3_0_, otherсhara0_.material as material8_3_0_, otherсhara0_.ram as ram9_3_0_, otherсhara0_.sim as sim10_3_0_ from OtherСharacteristics otherсhara0_ where otherсhara0_.id=?
Hibernate: select cameraсhar0_.id as id1_0_0_, cameraсhar0_.builtCamera as builtcam2_0_0_, cameraсhar0_.diaphragm as diaphrag3_0_0_, cameraсhar0_.frontalCamera as frontalc4_0_0_, cameraсhar0_.video as video5_0_0_ from CameraСharacteristics cameraсhar0_ where cameraсhar0_.id=?
Hibernate: select mainсharac0_.id as id1_1_0_, mainсharac0_.os as os2_1_0_, mainсharac0_.osVersion as osversio3_1_0_, mainсharac0_.releaseYear as releasey4_1_0_, mainсharac0_.screenSize as screensi5_1_0_ from MainСharacteristics mainсharac0_ where mainсharac0_.id=?
Hibernate: select otherсhara0_.id as id1_3_0_, otherсhara0_.audioType as audiotyp2_3_0_, otherсhara0_.battery as battery3_3_0_, otherсhara0_.builtMemory as builtmem4_3_0_, otherсhara0_.core as core5_3_0_, otherсhara0_.cpu as cpu6_3_0_, otherсhara0_.graphics as graphics7_3_0_, otherсhara0_.material as material8_3_0_, otherсhara0_.ram as ram9_3_0_, otherсhara0_.sim as sim10_3_0_ from OtherСharacteristics otherсhara0_ where otherсhara0_.id=?
Hibernate: select cameraсhar0_.id as id1_0_0_, cameraсhar0_.builtCamera as builtcam2_0_0_, cameraсhar0_.diaphragm as diaphrag3_0_0_, cameraсhar0_.frontalCamera as frontalc4_0_0_, cameraсhar0_.video as video5_0_0_ from CameraСharacteristics cameraсhar0_ where cameraсhar0_.id=?
Hibernate: select mainсharac0_.id as id1_1_0_, mainсharac0_.os as os2_1_0_, mainсharac0_.osVersion as osversio3_1_0_, mainсharac0_.releaseYear as releasey4_1_0_, mainсharac0_.screenSize as screensi5_1_0_ from MainСharacteristics mainсharac0_ where mainсharac0_.id=?
Hibernate: select otherсhara0_.id as id1_3_0_, otherсhara0_.audioType as audiotyp2_3_0_, otherсhara0_.battery as battery3_3_0_, otherсhara0_.builtMemory as builtmem4_3_0_, otherсhara0_.core as core5_3_0_, otherсhara0_.cpu as cpu6_3_0_, otherсhara0_.graphics as graphics7_3_0_, otherсhara0_.material as material8_3_0_, otherсhara0_.ram as ram9_3_0_, otherсhara0_.sim as sim10_3_0_ from OtherСharacteristics otherсhara0_ where otherсhara0_.id=?
Hibernate: select cameraсhar0_.id as id1_0_0_, cameraсhar0_.builtCamera as builtcam2_0_0_, cameraсhar0_.diaphragm as diaphrag3_0_0_, cameraсhar0_.frontalCamera as frontalc4_0_0_, cameraсhar0_.video as video5_0_0_ from CameraСharacteristics cameraсhar0_ where cameraсhar0_.id=?
Hibernate: select mainсharac0_.id as id1_1_0_, mainсharac0_.os as os2_1_0_, mainсharac0_.osVersion as osversio3_1_0_, mainсharac0_.releaseYear as releasey4_1_0_, mainсharac0_.screenSize as screensi5_1_0_ from MainСharacteristics mainсharac0_ where mainсharac0_.id=?
Hibernate: select otherсhara0_.id as id1_3_0_, otherсhara0_.audioType as audiotyp2_3_0_, otherсhara0_.battery as battery3_3_0_, otherсhara0_.builtMemory as builtmem4_3_0_, otherсhara0_.core as core5_3_0_, otherсhara0_.cpu as cpu6_3_0_, otherсhara0_.graphics as graphics7_3_0_, otherсhara0_.material as material8_3_0_, otherсhara0_.ram as ram9_3_0_, otherсhara0_.sim as sim10_3_0_ from OtherСharacteristics otherсhara0_ where otherсhara0_.id=?
Hibernate: select cameraсhar0_.id as id1_0_0_, cameraсhar0_.builtCamera as builtcam2_0_0_, cameraсhar0_.diaphragm as diaphrag3_0_0_, cameraсhar0_.frontalCamera as frontalc4_0_0_, cameraсhar0_.video as video5_0_0_ from CameraСharacteristics cameraсhar0_ where cameraсhar0_.id=?
Hibernate: select mainсharac0_.id as id1_1_0_, mainсharac0_.os as os2_1_0_, mainсharac0_.osVersion as osversio3_1_0_, mainсharac0_.releaseYear as releasey4_1_0_, mainсharac0_.screenSize as screensi5_1_0_ from MainСharacteristics mainсharac0_ where mainсharac0_.id=?
Hibernate: select otherсhara0_.id as id1_3_0_, otherсhara0_.audioType as audiotyp2_3_0_, otherсhara0_.battery as battery3_3_0_, otherсhara0_.builtMemory as builtmem4_3_0_, otherсhara0_.core as core5_3_0_, otherсhara0_.cpu as cpu6_3_0_, otherсhara0_.graphics as graphics7_3_0_, otherсhara0_.material as material8_3_0_, otherсhara0_.ram as ram9_3_0_, otherсhara0_.sim as sim10_3_0_ from OtherСharacteristics otherсhara0_ where otherсhara0_.id=?
Hibernate: select product0_.id as id1_4_, product0_.cameraСharacteristics_id as cameraсh8_4_, product0_.code as code2_4_, product0_.currency as currency3_4_, product0_.description as descript4_4_, product0_.imageUrl as imageurl5_4_, product0_.mainСharacteristics_id as mainсhar9_4_, product0_.otherСharacteristics_id as otherсh10_4_, product0_.price as price6_4_, product0_.stock as stock7_4_ from phone product0_ where product0_.code=?
Hibernate: select product0_.id as id1_4_, product0_.cameraСharacteristics_id as cameraсh8_4_, product0_.code as code2_4_, product0_.currency as currency3_4_, product0_.description as descript4_4_, product0_.imageUrl as imageurl5_4_, product0_.mainСharacteristics_id as mainсhar9_4_, product0_.otherСharacteristics_id as otherсh10_4_, product0_.price as price6_4_, product0_.stock as stock7_4_ from phone product0_ where product0_.code=?
</system-out>
  </testcase>
</testsuite>